# Logfile created on Wed Aug 01 14:59:09 -0700 2007 by logger.rb/1.5.2.9
[01/Aug/2007:14:59:09 :: 768] starting
[02/Aug/2007:10:11:25 :: 768] asked to terminate immediately
[02/Aug/2007:10:11:25 :: 768] terminated by explicit exit
[02/Aug/2007:10:12:13 :: 1063] starting
[05/Aug/2007:10:49:02 :: 1063] asked to terminate immediately
[05/Aug/2007:10:49:02 :: 1063] terminated by explicit exit
[05/Aug/2007:10:49:41 :: 2722] starting
[05/Aug/2007:10:55:28 :: 2722] asked to terminate immediately
[05/Aug/2007:10:55:28 :: 2722] terminated by explicit exit
[05/Aug/2007:10:55:46 :: 2741] starting
[05/Aug/2007:11:00:55 :: 2741] asked to terminate immediately
[05/Aug/2007:11:00:55 :: 2741] terminated by explicit exit
[05/Aug/2007:11:01:14 :: 2760] starting
[06/Aug/2007:15:47:09 :: 2760] asked to terminate immediately
[06/Aug/2007:15:47:09 :: 2760] terminated by explicit exit
[06/Aug/2007:15:47:36 :: 3619] starting
[07/Aug/2007:14:02:13 :: 3619] asked to terminate immediately
[07/Aug/2007:14:02:13 :: 3619] terminated by explicit exit
[07/Aug/2007:14:41:55 :: 4046] starting
[08/Aug/2007:12:25:34 :: 4046] asked to terminate immediately
[08/Aug/2007:12:25:34 :: 4046] terminated by explicit exit
[10/Aug/2007:13:43:09 :: 486] starting
[10/Aug/2007:15:57:20 :: 486] asked to terminate immediately
[10/Aug/2007:15:57:20 :: 486] terminated by explicit exit
[11/Aug/2007:16:43:11 :: 1522] starting
[11/Aug/2007:20:15:23 :: 1522] asked to terminate immediately
[11/Aug/2007:20:15:23 :: 1522] terminated by explicit exit
[11/Aug/2007:20:15:43 :: 1595] starting
[13/Aug/2007:17:53:58 :: 1595] asked to terminate immediately
[13/Aug/2007:17:53:59 :: 1595] terminated by explicit exit
[22/Sep/2007:17:54:52 :: 4485] starting
[24/Sep/2007:12:08:59 :: 4485] asked to terminate immediately
[24/Sep/2007:12:09:02 :: 4485] terminated by explicit exit
